<?xml version="1.0" encoding="UTF-8"?>
<!-- Generated by org.testng.reporters.JUnitReportReporter -->
<testsuite hostname="HaiGoodBoi" failures="0" tests="4" name="Model.ThongKeDoanhThuTheoNamModelTest" time="0.016" errors="0" timestamp="2024-04-06T20:16:36 WIB" skipped="0">
  <testcase classname="Model.ThongKeDoanhThuTheoNamModelTest" name="testSetDoanhThu" time="0.000"/>
  <system-out/>
  <testcase classname="Model.ThongKeDoanhThuTheoNamModelTest" name="testGetDoanhThu" time="0.014"/>
  <system-out/>
  <testcase classname="Model.ThongKeDoanhThuTheoNamModelTest" name="testGetNam" time="0.001"/>
  <system-out/>
  <testcase classname="Model.ThongKeDoanhThuTheoNamModelTest" name="testSetNam" time="0.001"/>
  <system-out/>
</testsuite> <!-- Model.ThongKeDoanhThuTheoNamModelTest -->
