<?xml version="1.0" encoding="UTF-8"?>
<!-- Generated by org.testng.reporters.JUnitReportReporter -->
<testsuite hostname="HaiGoodBoi" failures="0" tests="9" name="DAO.CaLamViecDaoTest" time="0.429" errors="0" timestamp="2024-04-06T20:58:58 WIB" skipped="0">
  <testcase classname="DAO.CaLamViecDaoTest" name="selectByConditionTest" time="0.023"/>
  <system-out/>
  <testcase classname="DAO.CaLamViecDaoTest" name="updateTest" time="0.022"/>
  <system-out/>
  <testcase classname="DAO.CaLamViecDaoTest" name="selectAllTest" time="0.036"/>
  <system-out/>
  <testcase classname="DAO.CaLamViecDaoTest" name="selectByCondition1Test" time="0.025"/>
  <system-out/>
  <testcase classname="DAO.CaLamViecDaoTest" name="insertTest" time="0.023"/>
  <system-out/>
  <testcase classname="DAO.CaLamViecDaoTest" name="getInstanceTest" time="0.000"/>
  <system-out/>
  <testcase classname="DAO.CaLamViecDaoTest" name="selectByIdTestCaLamViecModel" time="0.021"/>
  <system-out/>
  <testcase classname="DAO.CaLamViecDaoTest" name="selectByIdTestString" time="0.021"/>
  <system-out/>
  <testcase classname="DAO.CaLamViecDaoTest" name="deleteTest" time="0.258"/>
  <system-out/>
</testsuite> <!-- DAO.CaLamViecDaoTest -->
