<?xml version="1.0" encoding="UTF-8"?>
<!-- Generated by org.testng.reporters.JUnitReportReporter -->
<testsuite hostname="HaiGoodBoi" failures="0" tests="4" name="Model.PhieuGiaoHangChiTietModelTest" time="0.014" errors="0" timestamp="2024-04-06T20:11:26 WIB" skipped="0">
  <testcase classname="Model.PhieuGiaoHangChiTietModelTest" name="testGetSoLuongNlGiao" time="0.000"/>
  <system-out/>
  <testcase classname="Model.PhieuGiaoHangChiTietModelTest" name="testGetIdNguyenLieu" time="0.008"/>
  <system-out/>
  <testcase classname="Model.PhieuGiaoHangChiTietModelTest" name="testGetIdPhieuGiao" time="0.005"/>
  <system-out/>
  <testcase classname="Model.PhieuGiaoHangChiTietModelTest" name="testSetSoLuongNlGiao" time="0.001"/>
  <system-out/>
</testsuite> <!-- Model.PhieuGiaoHangChiTietModelTest -->
