<?xml version="1.0" encoding="UTF-8"?>
<!-- Generated by org.testng.reporters.JUnitReportReporter -->
<testsuite hostname="HaiGoodBoi" failures="0" tests="2" name="Model.NhanVienModelTest" time="0.013" errors="0" timestamp="2024-04-06T20:10:44 WIB" skipped="0">
  <testcase classname="Model.NhanVienModelTest" name="testGetIdNhanVien" time="0.012"/>
  <system-out/>
  <testcase classname="Model.NhanVienModelTest" name="testGetMatKhau" time="0.001"/>
  <system-out/>
</testsuite> <!-- Model.NhanVienModelTest -->
