<?xml version="1.0" encoding="UTF-8"?>
<!-- Generated by org.testng.reporters.JUnitReportReporter -->
<testsuite hostname="DESKTOP-9S8CMAJ" failures="0" tests="1" name="DAO.DoanhThuNamDAOTest" time="0.328" errors="0" timestamp="2024-04-11T10:31:48 ICT" skipped="0">
  <testcase classname="DAO.DoanhThuNamDAOTest" name="selectAllTest" time="0.328"/>
  <system-out/>
</testsuite> <!-- DAO.DoanhThuNamDAOTest -->
