<?xml version="1.0" encoding="UTF-8"?>
<!-- Generated by org.testng.reporters.JUnitReportReporter -->
<testsuite hostname="HaiGoodBoi" failures="0" tests="4" name="Model.PhieuGiaoHangModelTest" time="0.013" errors="0" timestamp="2024-04-06T20:12:03 WIB" skipped="0">
  <testcase classname="Model.PhieuGiaoHangModelTest" name="testGetIdNhaCC" time="0.011"/>
  <system-out/>
  <testcase classname="Model.PhieuGiaoHangModelTest" name="testGetIdPhieuGiao" time="0.001"/>
  <system-out/>
  <testcase classname="Model.PhieuGiaoHangModelTest" name="testSetNgayGiaoHang" time="0.000"/>
  <system-out/>
  <testcase classname="Model.PhieuGiaoHangModelTest" name="testGetNgayGiaoHang" time="0.001"/>
  <system-out/>
</testsuite> <!-- Model.PhieuGiaoHangModelTest -->
