<?xml version="1.0" encoding="UTF-8"?>
<!-- Generated by org.testng.reporters.JUnitReportReporter -->
<testsuite hostname="HaiGoodBoi" failures="0" tests="7" name="DAO.SanPhamDAOTest" time="0.435" errors="0" timestamp="2024-04-06T20:33:09 WIB" skipped="0">
  <testcase classname="DAO.SanPhamDAOTest" name="testUpdateNoImage" time="0.022"/>
  <system-out/>
  <testcase classname="DAO.SanPhamDAOTest" name="testSelectById" time="0.021"/>
  <system-out/>
  <testcase classname="DAO.SanPhamDAOTest" name="testUpdate" time="0.024"/>
  <system-out/>
  <testcase classname="DAO.SanPhamDAOTest" name="testDelete" time="0.053"/>
  <system-out/>
  <testcase classname="DAO.SanPhamDAOTest" name="testSelectByCondition" time="0.024"/>
  <system-out/>
  <testcase classname="DAO.SanPhamDAOTest" name="testSelectAll" time="0.037"/>
  <system-out/>
  <testcase classname="DAO.SanPhamDAOTest" name="testInsert" time="0.254"/>
  <system-out/>
</testsuite> <!-- DAO.SanPhamDAOTest -->
