<?xml version="1.0" encoding="UTF-8"?>
<!-- Generated by org.testng.reporters.JUnitReportReporter -->
<testsuite hostname="HaiGoodBoi" failures="0" tests="6" name="Model.TableNhapModelTest" time="0.011" errors="0" timestamp="2024-04-06T20:15:51 WIB" skipped="0">
  <testcase classname="Model.TableNhapModelTest" name="testGetTenNhaCC" time="0.001"/>
  <system-out/>
  <testcase classname="Model.TableNhapModelTest" name="testGetSoLuongTon" time="0.000"/>
  <system-out/>
  <testcase classname="Model.TableNhapModelTest" name="testGetTenNguyenLieu" time="0.001"/>
  <system-out/>
  <testcase classname="Model.TableNhapModelTest" name="testGetSoLuongNhap" time="0.001"/>
  <system-out/>
  <testcase classname="Model.TableNhapModelTest" name="testGetIdNguyenLieu" time="0.008"/>
  <system-out/>
  <testcase classname="Model.TableNhapModelTest" name="testGetSDT" time="0.000"/>
  <system-out/>
</testsuite> <!-- Model.TableNhapModelTest -->
