<?xml version="1.0" encoding="UTF-8"?>
<!-- Generated by org.testng.reporters.JUnitReportReporter -->
<testsuite hostname="HaiGoodBoi" failures="0" tests="1" name="DAO.DoanhThuNamDAOTest" time="0.376" errors="0" timestamp="2024-04-07T13:49:12 WIB" skipped="0">
  <testcase classname="DAO.DoanhThuNamDAOTest" name="selectAllTest" time="0.376"/>
  <system-out/>
</testsuite> <!-- DAO.DoanhThuNamDAOTest -->
