<?xml version="1.0" encoding="UTF-8"?>
<!-- Generated by org.testng.reporters.JUnitReportReporter -->
<testsuite hostname="HaiGoodBoi" failures="0" tests="2" name="DAO.DoanhThuThangDAOTest" time="0.513" errors="0" timestamp="2024-04-07T13:50:28 WIB" skipped="0">
  <testcase classname="DAO.DoanhThuThangDAOTest" name="getInstanceTest" time="0.015"/>
  <system-out/>
  <testcase classname="DAO.DoanhThuThangDAOTest" name="selectAllTest" time="0.498"/>
  <system-out/>
</testsuite> <!-- DAO.DoanhThuThangDAOTest -->
