<?xml version="1.0" encoding="UTF-8"?>
<!-- Generated by org.testng.reporters.JUnitReportReporter -->
<testsuite hostname="HaiGoodBoi" failures="0" tests="4" name="DAO.NguyenLieuDAOTest" time="0.487" errors="0" timestamp="2024-04-07T13:56:12 WIB" skipped="0">
  <testcase classname="DAO.NguyenLieuDAOTest" name="updateTest" time="0.022"/>
  <system-out/>
  <testcase classname="DAO.NguyenLieuDAOTest" name="updateSoLuongTonTest" time="0.031"/>
  <system-out/>
  <testcase classname="DAO.NguyenLieuDAOTest" name="selectAllTest" time="0.044"/>
  <system-out/>
  <testcase classname="DAO.NguyenLieuDAOTest" name="insertTest" time="0.390"/>
  <system-out/>
</testsuite> <!-- DAO.NguyenLieuDAOTest -->
