<?xml version="1.0" encoding="UTF-8"?>
<!-- Generated by org.testng.reporters.JUnitReportReporter -->
<testsuite hostname="DESKTOP-9S8CMAJ" failures="0" tests="2" name="Model.CaLamViecModelTest" time="0.012" errors="0" timestamp="2024-04-13T09:50:33 ICT" skipped="0">
  <testcase classname="Model.CaLamViecModelTest" name="testSetters" time="0.001"/>
  <system-out/>
  <testcase classname="Model.CaLamViecModelTest" name="testConstructorAndGetters" time="0.011"/>
  <system-out/>
</testsuite> <!-- Model.CaLamViecModelTest -->
