<?xml version="1.0" encoding="UTF-8"?>
<!-- Generated by org.testng.reporters.JUnitReportReporter -->
<testsuite hostname="HaiGoodBoi" failures="0" tests="2" name="DAO.TableNhapDAOTest" time="0.268" errors="0" timestamp="2024-04-07T14:24:17 WIB" skipped="0">
  <testcase classname="DAO.TableNhapDAOTest" name="selectAllTest" time="0.259"/>
  <system-out/>
  <testcase classname="DAO.TableNhapDAOTest" name="getInstanceTest" time="0.009"/>
  <system-out/>
</testsuite> <!-- DAO.TableNhapDAOTest -->
