<?xml version="1.0" encoding="UTF-8"?>
<!-- Generated by org.testng.reporters.JUnitReportReporter -->
<testsuite hostname="HaiGoodBoi" failures="0" tests="9" name="DAO.NhanVienDAOTest" time="0.915" errors="0" timestamp="2024-04-06T16:05:11 WIB" skipped="0">
  <testcase classname="DAO.NhanVienDAOTest" name="selectByConditionTest" time="0.021"/>
  <system-out/>
  <testcase classname="DAO.NhanVienDAOTest" name="updateCaLamTest" time="0.026"/>
  <system-out/>
  <testcase classname="DAO.NhanVienDAOTest" name="updatePassTest" time="0.023"/>
  <system-out/>
  <testcase classname="DAO.NhanVienDAOTest" name="selectAllTest" time="0.033"/>
  <system-out/>
  <testcase classname="DAO.NhanVienDAOTest" name="selectAllDangLamViecTest" time="0.034"/>
  <system-out/>
  <testcase classname="DAO.NhanVienDAOTest" name="selectByIdTest" time="0.078"/>
  <system-out/>
  <testcase classname="DAO.NhanVienDAOTest" name="updateTest" time="0.025"/>
  <system-out/>
  <testcase classname="DAO.NhanVienDAOTest" name="timkiemTest" time="0.092"/>
  <system-out/>
  <testcase classname="DAO.NhanVienDAOTest" name="insertTest" time="0.583"/>
  <system-out/>
</testsuite> <!-- DAO.NhanVienDAOTest -->
