<?xml version="1.0" encoding="UTF-8"?>
<!-- Generated by org.testng.reporters.JUnitReportReporter -->
<<<<<<< HEAD
<testsuite hostname="DESKTOP-9S8CMAJ" failures="0" tests="2" name="Model.CaLamViecModelTest" time="0.012" errors="0" timestamp="2024-04-13T09:50:33 ICT" skipped="0">
  <testcase classname="Model.CaLamViecModelTest" name="testSetters" time="0.001"/>
  <system-out/>
  <testcase classname="Model.CaLamViecModelTest" name="testConstructorAndGetters" time="0.011"/>
=======
<testsuite hostname="HaiGoodBoi" failures="0" tests="2" name="Model.CaLamViecModelTest" time="0.009" errors="0" timestamp="2024-04-06T15:42:19 WIB" skipped="0">
  <testcase classname="Model.CaLamViecModelTest" name="testConstructorAndGetters" time="0.009"/>
  <system-out/>
  <testcase classname="Model.CaLamViecModelTest" name="testSetters" time="0.000"/>
>>>>>>> 55c9e4b1c49fdc75a318376b52e3d0ff4ab89632
  <system-out/>
</testsuite> <!-- Model.CaLamViecModelTest -->
