<?xml version="1.0" encoding="UTF-8"?>
<!-- Generated by org.testng.reporters.JUnitReportReporter -->
<testsuite hostname="HaiGoodBoi" failures="0" tests="5" name="Model.SanPhamModelTest" time="0.011" errors="0" timestamp="2024-04-06T20:12:42 WIB" skipped="0">
  <testcase classname="Model.SanPhamModelTest" name="testGetGiaBan" time="0.008"/>
  <system-out/>
  <testcase classname="Model.SanPhamModelTest" name="testGetTrangThai" time="0.001"/>
  <system-out/>
  <testcase classname="Model.SanPhamModelTest" name="testGetHinh" time="0.001"/>
  <system-out/>
  <testcase classname="Model.SanPhamModelTest" name="testGetTenSP" time="0.000"/>
  <system-out/>
  <testcase classname="Model.SanPhamModelTest" name="testGetIdSanPham" time="0.001"/>
  <system-out/>
</testsuite> <!-- Model.SanPhamModelTest -->
