<?xml version="1.0" encoding="UTF-8"?>
<!-- Generated by org.testng.reporters.JUnitReportReporter -->
<testsuite hostname="HaiGoodBoi" failures="0" tests="4" name="DAO.KhuyenMaiDAOTest" time="0.463" errors="0" timestamp="2024-04-07T13:53:31 WIB" skipped="0">
  <testcase classname="DAO.KhuyenMaiDAOTest" name="getInstanceTest" time="0.022"/>
  <system-out/>
  <testcase classname="DAO.KhuyenMaiDAOTest" name="updateTest" time="0.030"/>
  <system-out/>
  <testcase classname="DAO.KhuyenMaiDAOTest" name="insertTest" time="0.361"/>
  <system-out/>
  <testcase classname="DAO.KhuyenMaiDAOTest" name="selectAllTest" time="0.050"/>
  <system-out/>
</testsuite> <!-- DAO.KhuyenMaiDAOTest -->
