<?xml version="1.0" encoding="UTF-8"?>
<!-- Generated by org.testng.reporters.JUnitReportReporter -->
<testsuite hostname="HaiGoodBoi" failures="0" tests="6" name="Model.NguyenLieuModelTest" time="0.012" errors="0" timestamp="2024-04-06T20:09:17 WIB" skipped="0">
  <testcase classname="Model.NguyenLieuModelTest" name="testSetSoLuongTon" time="0.001"/>
  <system-out/>
  <testcase classname="Model.NguyenLieuModelTest" name="testGetTenNguyenLieu" time="0.000"/>
  <system-out/>
  <testcase classname="Model.NguyenLieuModelTest" name="testSetDonViTinh" time="0.001"/>
  <system-out/>
  <testcase classname="Model.NguyenLieuModelTest" name="testGetSoLuongTon" time="0.001"/>
  <system-out/>
  <testcase classname="Model.NguyenLieuModelTest" name="testGetDonViTinh" time="0.008"/>
  <system-out/>
  <testcase classname="Model.NguyenLieuModelTest" name="testGetIdNguyenLieu" time="0.001"/>
  <system-out/>
</testsuite> <!-- Model.NguyenLieuModelTest -->
