<?xml version="1.0" encoding="UTF-8"?>
<!-- Generated by org.testng.reporters.JUnitReportReporter -->
<testsuite hostname="HaiGoodBoi" failures="0" tests="4" name="Model.SoLuongMuaModelTest" time="0.016" errors="0" timestamp="2024-04-06T20:13:19 WIB" skipped="0">
  <testcase classname="Model.SoLuongMuaModelTest" name="testGetIdSanPham" time="0.006"/>
  <system-out/>
  <testcase classname="Model.SoLuongMuaModelTest" name="testSetSoLuongMua" time="0.001"/>
  <system-out/>
  <testcase classname="Model.SoLuongMuaModelTest" name="testGetIdDonHang" time="0.009"/>
  <system-out/>
  <testcase classname="Model.SoLuongMuaModelTest" name="testGetSoLuongMua" time="0.000"/>
  <system-out/>
</testsuite> <!-- Model.SoLuongMuaModelTest -->
