<?xml version="1.0" encoding="UTF-8"?>
<!-- Generated by org.testng.reporters.JUnitReportReporter -->
<testsuite hostname="HaiGoodBoi" failures="0" tests="2" name="Model.HoaDonModelTest" time="0.009" errors="0" timestamp="2024-04-06T15:49:12 WIB" skipped="0">
  <testcase classname="Model.HoaDonModelTest" name="testConstructorAndGetters" time="0.009"/>
  <system-out/>
  <testcase classname="Model.HoaDonModelTest" name="testSetters" time="0.000"/>
  <system-out/>
</testsuite> <!-- Model.HoaDonModelTest -->
