<?xml version="1.0" encoding="UTF-8"?>
<!-- Generated by org.testng.reporters.JUnitReportReporter -->
<testsuite hostname="HaiGoodBoi" failures="0" tests="2" name="Model.KhuyenMaiModelTest" time="0.009" errors="0" timestamp="2024-04-06T15:50:21 WIB" skipped="0">
  <testcase classname="Model.KhuyenMaiModelTest" name="testConstructorAndGetters" time="0.009"/>
  <system-out/>
  <testcase classname="Model.KhuyenMaiModelTest" name="testSetters" time="0.000"/>
  <system-out/>
</testsuite> <!-- Model.KhuyenMaiModelTest -->
