<?xml version="1.0" encoding="UTF-8"?>
<!-- Generated by org.testng.reporters.JUnitReportReporter -->
<testsuite hostname="HaiGoodBoi" failures="0" tests="4" name="Model.SoLuongNguyenLieuModelTest" time="0.011" errors="0" timestamp="2024-04-06T20:14:02 WIB" skipped="0">
  <testcase classname="Model.SoLuongNguyenLieuModelTest" name="testGetSoLuongNguyenLieu" time="0.001"/>
  <system-out/>
  <testcase classname="Model.SoLuongNguyenLieuModelTest" name="testGetIdNguyenLieu" time="0.008"/>
  <system-out/>
  <testcase classname="Model.SoLuongNguyenLieuModelTest" name="testGetIdSanPham" time="0.001"/>
  <system-out/>
  <testcase classname="Model.SoLuongNguyenLieuModelTest" name="testSetSoLuongNguyenLieu" time="0.001"/>
  <system-out/>
</testsuite> <!-- Model.SoLuongNguyenLieuModelTest -->
