<?xml version="1.0" encoding="UTF-8"?>
<!-- Generated by org.testng.reporters.JUnitReportReporter -->
<testsuite hostname="HaiGoodBoi" failures="0" tests="2" name="Model.DonHangModelTest" time="0.009" errors="0" timestamp="2024-04-06T15:47:14 WIB" skipped="0">
  <testcase classname="Model.DonHangModelTest" name="testConstructorAndGetters" time="0.008"/>
  <system-out/>
  <testcase classname="Model.DonHangModelTest" name="testSetters" time="0.001"/>
  <system-out/>
</testsuite> <!-- Model.DonHangModelTest -->
