<?xml version="1.0" encoding="UTF-8"?>
<!-- Generated by org.testng.reporters.JUnitReportReporter -->
<testsuite hostname="HaiGoodBoi" failures="0" tests="4" name="Model.LoaiNguyenLieuModelTest" time="0.009" errors="0" timestamp="2024-04-06T20:08:17 WIB" skipped="0">
  <testcase classname="Model.LoaiNguyenLieuModelTest" name="testSetIdNguyenLieu" time="0.000"/>
  <system-out/>
  <testcase classname="Model.LoaiNguyenLieuModelTest" name="testGetIdNguyenLieu" time="0.008"/>
  <system-out/>
  <testcase classname="Model.LoaiNguyenLieuModelTest" name="testGetTenLoaiNguyenLieu" time="0.001"/>
  <system-out/>
  <testcase classname="Model.LoaiNguyenLieuModelTest" name="testSetTenLoaiNguyenLieu" time="0.000"/>
  <system-out/>
</testsuite> <!-- Model.LoaiNguyenLieuModelTest -->
