<?xml version="1.0" encoding="UTF-8"?>
<!-- Generated by org.testng.reporters.JUnitReportReporter -->
<testsuite hostname="HaiGoodBoi" failures="0" tests="2" name="Model.BangChamCongModelTest" time="0.010" errors="0" timestamp="2024-04-06T15:41:23 WIB" skipped="0">
  <testcase classname="Model.BangChamCongModelTest" name="testConstructorAndGetters" time="0.009"/>
  <system-out/>
  <testcase classname="Model.BangChamCongModelTest" name="testSetters" time="0.001"/>
  <system-out/>
</testsuite> <!-- Model.BangChamCongModelTest -->
