<?xml version="1.0" encoding="UTF-8"?>
<!-- Generated by org.testng.reporters.JUnitReportReporter -->
<testsuite hostname="HaiGoodBoi" failures="0" tests="8" name="Model.ThongKeDoanhThuTheoThangModelTest" time="0.014" errors="0" timestamp="2024-04-06T20:17:35 WIB" skipped="0">
  <testcase classname="Model.ThongKeDoanhThuTheoThangModelTest" name="testSetDoanhThu" time="0.001"/>
  <system-out/>
  <testcase classname="Model.ThongKeDoanhThuTheoThangModelTest" name="testGetThang" time="0.000"/>
  <system-out/>
  <testcase classname="Model.ThongKeDoanhThuTheoThangModelTest" name="testGetTongDon" time="0.001"/>
  <system-out/>
  <testcase classname="Model.ThongKeDoanhThuTheoThangModelTest" name="testGetDoanhThu" time="0.009"/>
  <system-out/>
  <testcase classname="Model.ThongKeDoanhThuTheoThangModelTest" name="testSetThang" time="0.001"/>
  <system-out/>
  <testcase classname="Model.ThongKeDoanhThuTheoThangModelTest" name="testGetNam" time="0.001"/>
  <system-out/>
  <testcase classname="Model.ThongKeDoanhThuTheoThangModelTest" name="testSetNam" time="0.000"/>
  <system-out/>
  <testcase classname="Model.ThongKeDoanhThuTheoThangModelTest" name="testSetTongDon" time="0.001"/>
  <system-out/>
</testsuite> <!-- Model.ThongKeDoanhThuTheoThangModelTest -->
